<?xml version="1.0" encoding="UTF-8"?>
<coverage generated="1787244401992" clover="3.2.0">
  <project timestamp="1787244401992" name="All files">
    <metrics statements="149" coveredstatements="89" conditionals="42" coveredconditionals="25" methods="41" coveredmethods="24" elements="232" coveredelements="138" complexity="0" loc="149" ncloc="149" packages="1" files="4" classes="4"/>
    <file name="api.ts" path="/Users/apple/.gemini/antigravity/scratch/SignSpeakAI/mobile/src/services/api.ts">
      <metrics statements="39" coveredstatements="16" conditionals="12" coveredconditionals="4" methods="8" coveredmethods="3"/>
      <line num="3" count="1" type="stmt"/>
      <line num="4" count="0" type="stmt"/>
      <line num="5" count="0" type="stmt"/>
      <line num="6" count="0" type="stmt"/>
      <line num="7" count="0" type="stmt"/>
      <line num="8" count="0" type="stmt"/>
      <line num="9" count="0" type="cond" truecount="0" falsecount="2"/>
      <line num="10" count="0" type="stmt"/>
      <line num="11" count="0" type="stmt"/>
      <line num="13" count="0" type="stmt"/>
      <line num="15" count="0" type="stmt"/>
      <line num="19" count="1" type="stmt"/>
      <line num="23" count="28" type="stmt"/>
      <line num="24" count="28" type="stmt"/>
      <line num="25" count="28" type="stmt"/>
      <line num="26" count="28" type="stmt"/>
      <line num="32" count="0" type="stmt"/>
      <line num="33" count="0" type="cond" truecount="0" falsecount="2"/>
      <line num="34" count="0" type="stmt"/>
      <line num="36" count="0" type="stmt"/>
      <line num="39" count="28" type="stmt"/>
      <line num="43" count="1" type="stmt"/>
      <line num="47" count="0" type="stmt"/>
      <line num="48" count="0" type="stmt"/>
      <line num="49" count="0" type="stmt"/>
      <line num="50" count="0" type="stmt"/>
      <line num="56" count="0" type="stmt"/>
      <line num="57" count="0" type="cond" truecount="0" falsecount="2"/>
      <line num="58" count="0" type="stmt"/>
      <line num="60" count="0" type="stmt"/>
      <line num="62" count="0" type="cond" truecount="0" falsecount="2"/>
      <line num="66" count="1" type="stmt"/>
      <line num="74" count="28" type="cond" truecount="4" falsecount="0"/>
      <line num="75" count="1" type="stmt"/>
      <line num="84" count="1134" type="stmt"/>
      <line num="85" count="27" type="stmt"/>
      <line num="86" count="27" type="stmt"/>
      <line num="87" count="27" type="stmt"/>
      <line num="89" count="27" type="stmt"/>
    </file>
    <file name="landmark.ts" path="/Users/apple/.gemini/antigravity/scratch/SignSpeakAI/mobile/src/services/landmark.ts">
      <metrics statements="9" coveredstatements="9" conditionals="1" coveredconditionals="0" methods="3" coveredmethods="3"/>
      <line num="4" count="1" type="stmt"/>
      <line num="24" count="9" type="stmt"/>
      <line num="25" count="9" type="stmt"/>
      <line num="27" count="9" type="stmt"/>
      <line num="41" count="9" type="stmt"/>
      <line num="48" count="1" type="stmt"/>
      <line num="49" count="1" type="stmt"/>
      <line num="50" count="21" type="stmt"/>
      <line num="52" count="1" type="stmt"/>
    </file>
    <file name="storage.ts" path="/Users/apple/.gemini/antigravity/scratch/SignSpeakAI/mobile/src/services/storage.ts">
      <metrics statements="71" coveredstatements="35" conditionals="10" coveredconditionals="4" methods="20" coveredmethods="9"/>
      <line num="4" count="2" type="stmt"/>
      <line num="10" count="2" type="stmt"/>
      <line num="22" count="2" type="stmt"/>
      <line num="23" count="0" type="stmt"/>
      <line num="24" count="0" type="stmt"/>
      <line num="25" count="0" type="cond" truecount="0" falsecount="2"/>
      <line num="27" count="0" type="stmt"/>
      <line num="28" count="0" type="stmt"/>
      <line num="32" count="2" type="stmt"/>
      <line num="33" count="0" type="stmt"/>
      <line num="34" count="0" type="stmt"/>
      <line num="38" count="0" type="stmt"/>
      <line num="39" count="0" type="stmt"/>
      <line num="40" count="0" type="stmt"/>
      <line num="43" count="2" type="stmt"/>
      <line num="44" count="0" type="stmt"/>
      <line num="45" count="0" type="stmt"/>
      <line num="46" count="0" type="stmt"/>
      <line num="47" count="0" type="stmt"/>
      <line num="50" count="2" type="stmt"/>
      <line num="51" count="0" type="stmt"/>
      <line num="55" count="2" type="stmt"/>
      <line num="56" count="0" type="stmt"/>
      <line num="57" count="0" type="stmt"/>
      <line num="58" count="0" type="cond" truecount="0" falsecount="2"/>
      <line num="60" count="0" type="stmt"/>
      <line num="61" count="0" type="stmt"/>
      <line num="65" count="2" type="stmt"/>
      <line num="66" count="0" type="stmt"/>
      <line num="67" count="0" type="stmt"/>
      <line num="71" count="0" type="stmt"/>
      <line num="72" count="0" type="stmt"/>
      <line num="73" count="0" type="stmt"/>
      <line num="76" count="2" type="stmt"/>
      <line num="77" count="0" type="stmt"/>
      <line num="80" count="2" type="stmt"/>
      <line num="81" count="8" type="cond" truecount="2" falsecount="0"/>
      <line num="82" count="1" type="stmt"/>
      <line num="96" count="7" type="stmt"/>
      <line num="97" count="23" type="stmt"/>
      <line num="98" count="7" type="stmt"/>
      <line num="99" count="23" type="stmt"/>
      <line num="100" count="7" type="stmt"/>
      <line num="101" count="23" type="stmt"/>
      <line num="102" count="7" type="stmt"/>
      <line num="103" count="7" type="stmt"/>
      <line num="105" count="7" type="stmt"/>
      <line num="106" count="7" type="stmt"/>
      <line num="108" count="7" type="stmt"/>
      <line num="109" count="69" type="stmt"/>
      <line num="110" count="21" type="cond" truecount="2" falsecount="0"/>
      <line num="111" count="13" type="stmt"/>
      <line num="113" count="23" type="stmt"/>
      <line num="114" count="8" type="stmt"/>
      <line num="115" count="23" type="stmt"/>
      <line num="116" count="23" type="stmt"/>
      <line num="117" count="8" type="stmt"/>
      <line num="126" count="7" type="stmt"/>
      <line num="137" count="2" type="stmt"/>
      <line num="138" count="0" type="stmt"/>
      <line num="139" count="0" type="stmt"/>
      <line num="140" count="0" type="cond" truecount="0" falsecount="2"/>
      <line num="142" count="0" type="stmt"/>
      <line num="146" count="2" type="stmt"/>
      <line num="147" count="0" type="stmt"/>
      <line num="148" count="0" type="stmt"/>
      <line num="149" count="0" type="stmt"/>
      <line num="150" count="0" type="stmt"/>
      <line num="153" count="2" type="stmt"/>
      <line num="154" count="0" type="stmt"/>
      <line num="155" count="0" type="stmt"/>
    </file>
    <file name="temporal.ts" path="/Users/apple/.gemini/antigravity/scratch/SignSpeakAI/mobile/src/services/temporal.ts">
      <metrics statements="30" coveredstatements="29" conditionals="19" coveredconditionals="17" methods="10" coveredmethods="9"/>
      <line num="4" count="17" type="stmt"/>
      <line num="5" count="17" type="stmt"/>
      <line num="10" count="17" type="stmt"/>
      <line num="11" count="17" type="stmt"/>
      <line num="15" count="6" type="stmt"/>
      <line num="19" count="0" type="stmt"/>
      <line num="26" count="27" type="cond" truecount="5" falsecount="0"/>
      <line num="27" count="9" type="stmt"/>
      <line num="30" count="18" type="stmt"/>
      <line num="31" count="18" type="cond" truecount="4" falsecount="0"/>
      <line num="32" count="1" type="stmt"/>
      <line num="35" count="17" type="stmt"/>
      <line num="36" count="17" type="stmt"/>
      <line num="39" count="17" type="cond" truecount="4" falsecount="0"/>
      <line num="40" count="3" type="stmt"/>
      <line num="44" count="14" type="stmt"/>
      <line num="45" count="14" type="stmt"/>
      <line num="46" count="14" type="stmt"/>
      <line num="50" count="1" type="stmt"/>
      <line num="51" count="1" type="stmt"/>
      <line num="56" count="36" type="stmt"/>
      <line num="59" count="43" type="cond" truecount="4" falsecount="0"/>
      <line num="60" count="41" type="stmt"/>
      <line num="62" count="43" type="stmt"/>
      <line num="66" count="3" type="stmt"/>
      <line num="67" count="3" type="stmt"/>
      <line num="71" count="2" type="stmt"/>
      <line num="72" count="2" type="stmt"/>
      <line num="76" count="39" type="stmt"/>
      <line num="80" count="2" type="stmt"/>
    </file>
  </project>
</coverage>
