{"/Users/apple/.gemini/antigravity/scratch/SignSpeakAI/mobile/src/services/api.ts": {"path":"/Users/apple/.gemini/antigravity/scratch/SignSpeakAI/mobile/src/services/api.ts","statementMap":{"0":{"start":{"line":3,"column":34},"end":{"line":17,"column":1}},"1":{"start":{"line":4,"column":2},"end":{"line":16,"column":3}},"2":{"start":{"line":5,"column":23},"end":{"line":5,"column":44}},"3":{"start":{"line":6,"column":15},"end":{"line":6,"column":57}},"4":{"start":{"line":6,"column":32},"end":{"line":6,"column":50}},"5":{"start":{"line":7,"column":16},"end":{"line":7,"column":79}},"6":{"start":{"line":8,"column":4},"end":{"line":8,"column":21}},"7":{"start":{"line":9,"column":4},"end":{"line":12,"column":5}},"8":{"start":{"line":10,"column":19},"end":{"line":10,"column":35}},"9":{"start":{"line":11,"column":6},"end":{"line":11,"column":47}},"10":{"start":{"line":13,"column":4},"end":{"line":13,"column":34}},"11":{"start":{"line":15,"column":4},"end":{"line":15,"column":34}},"12":{"start":{"line":19,"column":36},"end":{"line":41,"column":1}},"13":{"start":{"line":23,"column":2},"end":{"line":40,"column":3}},"14":{"start":{"line":24,"column":23},"end":{"line":24,"column":44}},"15":{"start":{"line":25,"column":15},"end":{"line":25,"column":57}},"16":{"start":{"line":25,"column":32},"end":{"line":25,"column":50}},"17":{"start":{"line":26,"column":16},"end":{"line":31,"column":6}},"18":{"start":{"line":32,"column":4},"end":{"line":32,"column":21}},"19":{"start":{"line":33,"column":4},"end":{"line":35,"column":5}},"20":{"start":{"line":34,"column":6},"end":{"line":34,"column":30}},"21":{"start":{"line":36,"column":4},"end":{"line":36,"column":48}},"22":{"start":{"line":39,"column":4},"end":{"line":39,"column":55}},"23":{"start":{"line":43,"column":39},"end":{"line":64,"column":1}},"24":{"start":{"line":47,"column":2},"end":{"line":63,"column":3}},"25":{"start":{"line":48,"column":23},"end":{"line":48,"column":44}},"26":{"start":{"line":49,"column":15},"end":{"line":49,"column":57}},"27":{"start":{"line":49,"column":32},"end":{"line":49,"column":50}},"28":{"start":{"line":50,"column":16},"end":{"line":55,"column":6}},"29":{"start":{"line":56,"column":4},"end":{"line":56,"column":21}},"30":{"start":{"line":57,"column":4},"end":{"line":59,"column":5}},"31":{"start":{"line":58,"column":6},"end":{"line":58,"column":30}},"32":{"start":{"line":60,"column":4},"end":{"line":60,"column":48}},"33":{"start":{"line":62,"column":4},"end":{"line":62,"column":81}},"34":{"start":{"line":66,"column":19},"end":{"line":71,"column":1}},"35":{"start":{"line":74,"column":2},"end":{"line":82,"column":3}},"36":{"start":{"line":75,"column":4},"end":{"line":81,"column":6}},"37":{"start":{"line":84,"column":14},"end":{"line":84,"column":64}},"38":{"start":{"line":84,"column":43},"end":{"line":84,"column":60}},"39":{"start":{"line":85,"column":14},"end":{"line":85,"column":55}},"40":{"start":{"line":86,"column":15},"end":{"line":86,"column":30}},"41":{"start":{"line":87,"column":15},"end":{"line":87,"column":73}},"42":{"start":{"line":89,"column":2},"end":{"line":95,"column":4}}},"fnMap":{"0":{"name":"(anonymous_0)","decl":{"start":{"line":3,"column":34},"end":{"line":3,"column":35}},"loc":{"start":{"line":3,"column":108},"end":{"line":17,"column":1}},"line":3},"1":{"name":"(anonymous_1)","decl":{"start":{"line":6,"column":26},"end":{"line":6,"column":27}},"loc":{"start":{"line":6,"column":32},"end":{"line":6,"column":50}},"line":6},"2":{"name":"(anonymous_2)","decl":{"start":{"line":19,"column":36},"end":{"line":19,"column":37}},"loc":{"start":{"line":22,"column":34},"end":{"line":41,"column":1}},"line":22},"3":{"name":"(anonymous_3)","decl":{"start":{"line":25,"column":26},"end":{"line":25,"column":27}},"loc":{"start":{"line":25,"column":32},"end":{"line":25,"column":50}},"line":25},"4":{"name":"(anonymous_4)","decl":{"start":{"line":43,"column":39},"end":{"line":43,"column":40}},"loc":{"start":{"line":46,"column":34},"end":{"line":64,"column":1}},"line":46},"5":{"name":"(anonymous_5)","decl":{"start":{"line":49,"column":26},"end":{"line":49,"column":27}},"loc":{"start":{"line":49,"column":32},"end":{"line":49,"column":50}},"line":49},"6":{"name":"generateFallbackClientPrediction","decl":{"start":{"line":73,"column":9},"end":{"line":73,"column":41}},"loc":{"start":{"line":73,"column":83},"end":{"line":96,"column":1}},"line":73},"7":{"name":"(anonymous_7)","decl":{"start":{"line":84,"column":31},"end":{"line":84,"column":32}},"loc":{"start":{"line":84,"column":43},"end":{"line":84,"column":60}},"line":84}},"branchMap":{"0":{"loc":{"start":{"line":9,"column":4},"end":{"line":12,"column":5}},"type":"if","locations":[{"start":{"line":9,"column":4},"end":{"line":12,"column":5}},{"start":{},"end":{}}],"line":9},"1":{"loc":{"start":{"line":33,"column":4},"end":{"line":35,"column":5}},"type":"if","locations":[{"start":{"line":33,"column":4},"end":{"line":35,"column":5}},{"start":{},"end":{}}],"line":33},"2":{"loc":{"start":{"line":57,"column":4},"end":{"line":59,"column":5}},"type":"if","locations":[{"start":{"line":57,"column":4},"end":{"line":59,"column":5}},{"start":{},"end":{}}],"line":57},"3":{"loc":{"start":{"line":62,"column":44},"end":{"line":62,"column":79}},"type":"binary-expr","locations":[{"start":{"line":62,"column":44},"end":{"line":62,"column":73}},{"start":{"line":62,"column":77},"end":{"line":62,"column":79}}],"line":62},"4":{"loc":{"start":{"line":74,"column":2},"end":{"line":82,"column":3}},"type":"if","locations":[{"start":{"line":74,"column":2},"end":{"line":82,"column":3}},{"start":{},"end":{}}],"line":74},"5":{"loc":{"start":{"line":74,"column":6},"end":{"line":74,"column":42}},"type":"binary-expr","locations":[{"start":{"line":74,"column":6},"end":{"line":74,"column":16}},{"start":{"line":74,"column":20},"end":{"line":74,"column":42}}],"line":74}},"s":{"0":1,"1":0,"2":0,"3":0,"4":0,"5":0,"6":0,"7":0,"8":0,"9":0,"10":0,"11":0,"12":1,"13":28,"14":28,"15":28,"16":0,"17":28,"18":0,"19":0,"20":0,"21":0,"22":28,"23":1,"24":0,"25":0,"26":0,"27":0,"28":0,"29":0,"30":0,"31":0,"32":0,"33":0,"34":1,"35":28,"36":1,"37":27,"38":1134,"39":27,"40":27,"41":27,"42":27},"f":{"0":0,"1":0,"2":28,"3":0,"4":0,"5":0,"6":28,"7":1134},"b":{"0":[0,0],"1":[0,0],"2":[0,0],"3":[0,0],"4":[1,27],"5":[28,28]},"_coverageSchema":"1a1c01bbd47fc00a2c39e90264f33305004495a9","hash":"3890b9d2ff086f05520b90c75702ab333f6897c6"}
,"/Users/apple/.gemini/antigravity/scratch/SignSpeakAI/mobile/src/services/landmark.ts": {"path":"/Users/apple/.gemini/antigravity/scratch/SignSpeakAI/mobile/src/services/landmark.ts","statementMap":{"0":{"start":{"line":4,"column":52},"end":{"line":17,"column":1}},"1":{"start":{"line":24,"column":13},"end":{"line":24,"column":41}},"2":{"start":{"line":25,"column":13},"end":{"line":25,"column":48}},"3":{"start":{"line":27,"column":34},"end":{"line":39,"column":3}},"4":{"start":{"line":41,"column":2},"end":{"line":41,"column":16}},"5":{"start":{"line":48,"column":24},"end":{"line":48,"column":26}},"6":{"start":{"line":49,"column":2},"end":{"line":51,"column":5}},"7":{"start":{"line":50,"column":4},"end":{"line":50,"column":23}},"8":{"start":{"line":52,"column":2},"end":{"line":52,"column":13}}},"fnMap":{"0":{"name":"generateHandLandmarkPoints","decl":{"start":{"line":23,"column":16},"end":{"line":23,"column":42}},"loc":{"start":{"line":23,"column":79},"end":{"line":42,"column":1}},"line":23},"1":{"name":"landmarksToFlatArray","decl":{"start":{"line":47,"column":16},"end":{"line":47,"column":36}},"loc":{"start":{"line":47,"column":72},"end":{"line":53,"column":1}},"line":47},"2":{"name":"(anonymous_2)","decl":{"start":{"line":49,"column":17},"end":{"line":49,"column":18}},"loc":{"start":{"line":49,"column":24},"end":{"line":51,"column":3}},"line":49}},"branchMap":{"0":{"loc":{"start":{"line":23,"column":43},"end":{"line":23,"column":60}},"type":"default-arg","locations":[{"start":{"line":23,"column":59},"end":{"line":23,"column":60}}],"line":23}},"s":{"0":1,"1":9,"2":9,"3":9,"4":9,"5":1,"6":1,"7":21,"8":1},"f":{"0":9,"1":1,"2":21},"b":{"0":[0]},"_coverageSchema":"1a1c01bbd47fc00a2c39e90264f33305004495a9","hash":"a9776be2d81490a7b7d6499739584adfa25a6f74"}
,"/Users/apple/.gemini/antigravity/scratch/SignSpeakAI/mobile/src/services/storage.ts": {"path":"/Users/apple/.gemini/antigravity/scratch/SignSpeakAI/mobile/src/services/storage.ts","statementMap":{"0":{"start":{"line":4,"column":21},"end":{"line":8,"column":1}},"1":{"start":{"line":10,"column":44},"end":{"line":19,"column":1}},"2":{"start":{"line":22,"column":37},"end":{"line":30,"column":1}},"3":{"start":{"line":23,"column":2},"end":{"line":29,"column":3}},"4":{"start":{"line":24,"column":17},"end":{"line":24,"column":65}},"5":{"start":{"line":25,"column":4},"end":{"line":25,"column":40}},"6":{"start":{"line":27,"column":4},"end":{"line":27,"column":48}},"7":{"start":{"line":28,"column":4},"end":{"line":28,"column":14}},"8":{"start":{"line":32,"column":35},"end":{"line":41,"column":1}},"9":{"start":{"line":33,"column":18},"end":{"line":33,"column":47}},"10":{"start":{"line":34,"column":42},"end":{"line":37,"column":3}},"11":{"start":{"line":38,"column":18},"end":{"line":38,"column":39}},"12":{"start":{"line":39,"column":2},"end":{"line":39,"column":76}},"13":{"start":{"line":40,"column":2},"end":{"line":40,"column":17}},"14":{"start":{"line":43,"column":37},"end":{"line":48,"column":1}},"15":{"start":{"line":44,"column":18},"end":{"line":44,"column":47}},"16":{"start":{"line":45,"column":18},"end":{"line":45,"column":52}},"17":{"start":{"line":45,"column":40},"end":{"line":45,"column":51}},"18":{"start":{"line":46,"column":2},"end":{"line":46,"column":76}},"19":{"start":{"line":47,"column":2},"end":{"line":47,"column":17}},"20":{"start":{"line":50,"column":42},"end":{"line":52,"column":1}},"21":{"start":{"line":51,"column":2},"end":{"line":51,"column":54}},"22":{"start":{"line":55,"column":33},"end":{"line":63,"column":1}},"23":{"start":{"line":56,"column":2},"end":{"line":62,"column":3}},"24":{"start":{"line":57,"column":17},"end":{"line":57,"column":73}},"25":{"start":{"line":58,"column":4},"end":{"line":58,"column":40}},"26":{"start":{"line":60,"column":4},"end":{"line":60,"column":56}},"27":{"start":{"line":61,"column":4},"end":{"line":61,"column":14}},"28":{"start":{"line":65,"column":33},"end":{"line":74,"column":1}},"29":{"start":{"line":66,"column":17},"end":{"line":66,"column":42}},"30":{"start":{"line":67,"column":34},"end":{"line":70,"column":3}},"31":{"start":{"line":71,"column":18},"end":{"line":71,"column":39}},"32":{"start":{"line":72,"column":2},"end":{"line":72,"column":84}},"33":{"start":{"line":73,"column":2},"end":{"line":73,"column":18}},"34":{"start":{"line":76,"column":38},"end":{"line":78,"column":1}},"35":{"start":{"line":77,"column":2},"end":{"line":77,"column":62}},"36":{"start":{"line":80,"column":40},"end":{"line":134,"column":1}},"37":{"start":{"line":81,"column":2},"end":{"line":94,"column":3}},"38":{"start":{"line":82,"column":4},"end":{"line":93,"column":6}},"39":{"start":{"line":96,"column":16},"end":{"line":96,"column":29}},"40":{"start":{"line":97,"column":23},"end":{"line":97,"column":63}},"41":{"start":{"line":97,"column":44},"end":{"line":97,"column":55}},"42":{"start":{"line":98,"column":19},"end":{"line":98,"column":47}},"43":{"start":{"line":99,"column":24},"end":{"line":99,"column":77}},"44":{"start":{"line":99,"column":50},"end":{"line":99,"column":73}},"45":{"start":{"line":100,"column":33},"end":{"line":100,"column":54}},"46":{"start":{"line":101,"column":28},"end":{"line":101,"column":72}},"47":{"start":{"line":101,"column":54},"end":{"line":101,"column":68}},"48":{"start":{"line":102,"column":32},"end":{"line":102,"column":57}},"49":{"start":{"line":103,"column":29},"end":{"line":103,"column":37}},"50":{"start":{"line":105,"column":41},"end":{"line":105,"column":105}},"51":{"start":{"line":106,"column":25},"end":{"line":106,"column":27}},"52":{"start":{"line":108,"column":2},"end":{"line":124,"column":5}},"53":{"start":{"line":109,"column":20},"end":{"line":109,"column":56}},"54":{"start":{"line":109,"column":41},"end":{"line":109,"column":55}},"55":{"start":{"line":110,"column":4},"end":{"line":123,"column":5}},"56":{"start":{"line":111,"column":6},"end":{"line":111,"column":77}},"57":{"start":{"line":113,"column":23},"end":{"line":113,"column":64}},"58":{"start":{"line":113,"column":45},"end":{"line":113,"column":56}},"59":{"start":{"line":114,"column":24},"end":{"line":114,"column":57}},"60":{"start":{"line":115,"column":20},"end":{"line":115,"column":91}},"61":{"start":{"line":115,"column":47},"end":{"line":115,"column":70}},"62":{"start":{"line":116,"column":19},"end":{"line":116,"column":81}},"63":{"start":{"line":116,"column":46},"end":{"line":116,"column":60}},"64":{"start":{"line":117,"column":6},"end":{"line":122,"column":8}},"65":{"start":{"line":126,"column":2},"end":{"line":133,"column":4}},"66":{"start":{"line":137,"column":30},"end":{"line":144,"column":1}},"67":{"start":{"line":138,"column":2},"end":{"line":143,"column":3}},"68":{"start":{"line":139,"column":17},"end":{"line":139,"column":66}},"69":{"start":{"line":140,"column":4},"end":{"line":140,"column":80}},"70":{"start":{"line":142,"column":4},"end":{"line":142,"column":27}},"71":{"start":{"line":146,"column":31},"end":{"line":151,"column":1}},"72":{"start":{"line":147,"column":18},"end":{"line":147,"column":40}},"73":{"start":{"line":148,"column":18},"end":{"line":148,"column":45}},"74":{"start":{"line":149,"column":2},"end":{"line":149,"column":77}},"75":{"start":{"line":150,"column":2},"end":{"line":150,"column":17}},"76":{"start":{"line":153,"column":32},"end":{"line":156,"column":1}},"77":{"start":{"line":154,"column":2},"end":{"line":154,"column":85}},"78":{"start":{"line":155,"column":2},"end":{"line":155,"column":25}}},"fnMap":{"0":{"name":"(anonymous_0)","decl":{"start":{"line":22,"column":37},"end":{"line":22,"column":38}},"loc":{"start":{"line":22,"column":84},"end":{"line":30,"column":1}},"line":22},"1":{"name":"(anonymous_1)","decl":{"start":{"line":32,"column":35},"end":{"line":32,"column":36}},"loc":{"start":{"line":32,"column":120},"end":{"line":41,"column":1}},"line":32},"2":{"name":"(anonymous_2)","decl":{"start":{"line":43,"column":37},"end":{"line":43,"column":38}},"loc":{"start":{"line":43,"column":94},"end":{"line":48,"column":1}},"line":43},"3":{"name":"(anonymous_3)","decl":{"start":{"line":45,"column":33},"end":{"line":45,"column":34}},"loc":{"start":{"line":45,"column":40},"end":{"line":45,"column":51}},"line":45},"4":{"name":"(anonymous_4)","decl":{"start":{"line":50,"column":42},"end":{"line":50,"column":43}},"loc":{"start":{"line":50,"column":69},"end":{"line":52,"column":1}},"line":50},"5":{"name":"(anonymous_5)","decl":{"start":{"line":55,"column":33},"end":{"line":55,"column":34}},"loc":{"start":{"line":55,"column":71},"end":{"line":63,"column":1}},"line":55},"6":{"name":"(anonymous_6)","decl":{"start":{"line":65,"column":33},"end":{"line":65,"column":34}},"loc":{"start":{"line":65,"column":101},"end":{"line":74,"column":1}},"line":65},"7":{"name":"(anonymous_7)","decl":{"start":{"line":76,"column":38},"end":{"line":76,"column":39}},"loc":{"start":{"line":76,"column":65},"end":{"line":78,"column":1}},"line":76},"8":{"name":"(anonymous_8)","decl":{"start":{"line":80,"column":40},"end":{"line":80,"column":41}},"loc":{"start":{"line":80,"column":88},"end":{"line":134,"column":1}},"line":80},"9":{"name":"(anonymous_9)","decl":{"start":{"line":97,"column":37},"end":{"line":97,"column":38}},"loc":{"start":{"line":97,"column":44},"end":{"line":97,"column":55}},"line":97},"10":{"name":"(anonymous_10)","decl":{"start":{"line":99,"column":38},"end":{"line":99,"column":39}},"loc":{"start":{"line":99,"column":50},"end":{"line":99,"column":73}},"line":99},"11":{"name":"(anonymous_11)","decl":{"start":{"line":101,"column":42},"end":{"line":101,"column":43}},"loc":{"start":{"line":101,"column":54},"end":{"line":101,"column":68}},"line":101},"12":{"name":"(anonymous_12)","decl":{"start":{"line":108,"column":18},"end":{"line":108,"column":19}},"loc":{"start":{"line":108,"column":25},"end":{"line":124,"column":3}},"line":108},"13":{"name":"(anonymous_13)","decl":{"start":{"line":109,"column":34},"end":{"line":109,"column":35}},"loc":{"start":{"line":109,"column":41},"end":{"line":109,"column":55}},"line":109},"14":{"name":"(anonymous_14)","decl":{"start":{"line":113,"column":38},"end":{"line":113,"column":39}},"loc":{"start":{"line":113,"column":45},"end":{"line":113,"column":56}},"line":113},"15":{"name":"(anonymous_15)","decl":{"start":{"line":115,"column":35},"end":{"line":115,"column":36}},"loc":{"start":{"line":115,"column":47},"end":{"line":115,"column":70}},"line":115},"16":{"name":"(anonymous_16)","decl":{"start":{"line":116,"column":34},"end":{"line":116,"column":35}},"loc":{"start":{"line":116,"column":46},"end":{"line":116,"column":60}},"line":116},"17":{"name":"(anonymous_17)","decl":{"start":{"line":137,"column":30},"end":{"line":137,"column":31}},"loc":{"start":{"line":137,"column":64},"end":{"line":144,"column":1}},"line":137},"18":{"name":"(anonymous_18)","decl":{"start":{"line":146,"column":31},"end":{"line":146,"column":32}},"loc":{"start":{"line":146,"column":95},"end":{"line":151,"column":1}},"line":146},"19":{"name":"(anonymous_19)","decl":{"start":{"line":153,"column":32},"end":{"line":153,"column":33}},"loc":{"start":{"line":153,"column":66},"end":{"line":156,"column":1}},"line":153}},"branchMap":{"0":{"loc":{"start":{"line":25,"column":11},"end":{"line":25,"column":39}},"type":"cond-expr","locations":[{"start":{"line":25,"column":18},"end":{"line":25,"column":34}},{"start":{"line":25,"column":37},"end":{"line":25,"column":39}}],"line":25},"1":{"loc":{"start":{"line":58,"column":11},"end":{"line":58,"column":39}},"type":"cond-expr","locations":[{"start":{"line":58,"column":18},"end":{"line":58,"column":34}},{"start":{"line":58,"column":37},"end":{"line":58,"column":39}}],"line":58},"2":{"loc":{"start":{"line":81,"column":2},"end":{"line":94,"column":3}},"type":"if","locations":[{"start":{"line":81,"column":2},"end":{"line":94,"column":3}},{"start":{},"end":{}}],"line":81},"3":{"loc":{"start":{"line":110,"column":4},"end":{"line":123,"column":5}},"type":"if","locations":[{"start":{"line":110,"column":4},"end":{"line":123,"column":5}},{"start":{"line":112,"column":11},"end":{"line":123,"column":5}}],"line":110},"4":{"loc":{"start":{"line":140,"column":11},"end":{"line":140,"column":79}},"type":"cond-expr","locations":[{"start":{"line":140,"column":18},"end":{"line":140,"column":61}},{"start":{"line":140,"column":64},"end":{"line":140,"column":79}}],"line":140}},"s":{"0":2,"1":2,"2":2,"3":0,"4":0,"5":0,"6":0,"7":0,"8":2,"9":0,"10":0,"11":0,"12":0,"13":0,"14":2,"15":0,"16":0,"17":0,"18":0,"19":0,"20":2,"21":0,"22":2,"23":0,"24":0,"25":0,"26":0,"27":0,"28":2,"29":0,"30":0,"31":0,"32":0,"33":0,"34":2,"35":0,"36":2,"37":8,"38":1,"39":7,"40":7,"41":23,"42":7,"43":7,"44":23,"45":7,"46":7,"47":23,"48":7,"49":7,"50":7,"51":7,"52":7,"53":21,"54":69,"55":21,"56":13,"57":8,"58":23,"59":8,"60":8,"61":23,"62":8,"63":23,"64":8,"65":7,"66":2,"67":0,"68":0,"69":0,"70":0,"71":2,"72":0,"73":0,"74":0,"75":0,"76":2,"77":0,"78":0},"f":{"0":0,"1":0,"2":0,"3":0,"4":0,"5":0,"6":0,"7":0,"8":8,"9":23,"10":23,"11":23,"12":21,"13":69,"14":23,"15":23,"16":23,"17":0,"18":0,"19":0},"b":{"0":[0,0],"1":[0,0],"2":[1,7],"3":[13,8],"4":[0,0]},"_coverageSchema":"1a1c01bbd47fc00a2c39e90264f33305004495a9","hash":"43a4b1345872bf8c2549d97aef7ab37d6e7c62a2"}
,"/Users/apple/.gemini/antigravity/scratch/SignSpeakAI/mobile/src/services/temporal.ts": {"path":"/Users/apple/.gemini/antigravity/scratch/SignSpeakAI/mobile/src/services/temporal.ts","statementMap":{"0":{"start":{"line":4,"column":34},"end":{"line":4,"column":36}},"1":{"start":{"line":5,"column":39},"end":{"line":5,"column":40}},"2":{"start":{"line":10,"column":4},"end":{"line":10,"column":45}},"3":{"start":{"line":11,"column":4},"end":{"line":11,"column":51}},"4":{"start":{"line":15,"column":4},"end":{"line":15,"column":41}},"5":{"start":{"line":19,"column":4},"end":{"line":19,"column":31}},"6":{"start":{"line":26,"column":4},"end":{"line":28,"column":5}},"7":{"start":{"line":27,"column":6},"end":{"line":27,"column":44}},"8":{"start":{"line":30,"column":17},"end":{"line":30,"column":32}},"9":{"start":{"line":31,"column":4},"end":{"line":33,"column":5}},"10":{"start":{"line":32,"column":6},"end":{"line":32,"column":44}},"11":{"start":{"line":35,"column":16},"end":{"line":35,"column":26}},"12":{"start":{"line":36,"column":26},"end":{"line":36,"column":55}},"13":{"start":{"line":39,"column":4},"end":{"line":41,"column":5}},"14":{"start":{"line":40,"column":6},"end":{"line":40,"column":44}},"15":{"start":{"line":44,"column":4},"end":{"line":44,"column":30}},"16":{"start":{"line":45,"column":4},"end":{"line":45,"column":34}},"17":{"start":{"line":46,"column":4},"end":{"line":46,"column":37}},"18":{"start":{"line":50,"column":4},"end":{"line":50,"column":28}},"19":{"start":{"line":51,"column":4},"end":{"line":51,"column":32}},"20":{"start":{"line":56,"column":28},"end":{"line":56,"column":30}},"21":{"start":{"line":59,"column":4},"end":{"line":61,"column":5}},"22":{"start":{"line":60,"column":6},"end":{"line":60,"column":49}},"23":{"start":{"line":62,"column":4},"end":{"line":62,"column":27}},"24":{"start":{"line":66,"column":4},"end":{"line":66,"column":21}},"25":{"start":{"line":67,"column":4},"end":{"line":67,"column":27}},"26":{"start":{"line":71,"column":4},"end":{"line":71,"column":20}},"27":{"start":{"line":72,"column":4},"end":{"line":72,"column":14}},"28":{"start":{"line":76,"column":4},"end":{"line":76,"column":32}},"29":{"start":{"line":80,"column":4},"end":{"line":80,"column":27}}},"fnMap":{"0":{"name":"(anonymous_0)","decl":{"start":{"line":9,"column":2},"end":{"line":9,"column":3}},"loc":{"start":{"line":9,"column":83},"end":{"line":12,"column":3}},"line":9},"1":{"name":"(anonymous_1)","decl":{"start":{"line":14,"column":2},"end":{"line":14,"column":3}},"loc":{"start":{"line":14,"column":51},"end":{"line":16,"column":3}},"line":14},"2":{"name":"(anonymous_2)","decl":{"start":{"line":18,"column":2},"end":{"line":18,"column":3}},"loc":{"start":{"line":18,"column":39},"end":{"line":20,"column":3}},"line":18},"3":{"name":"(anonymous_3)","decl":{"start":{"line":25,"column":2},"end":{"line":25,"column":3}},"loc":{"start":{"line":25,"column":97},"end":{"line":47,"column":3}},"line":25},"4":{"name":"(anonymous_4)","decl":{"start":{"line":49,"column":2},"end":{"line":49,"column":3}},"loc":{"start":{"line":49,"column":17},"end":{"line":52,"column":3}},"line":49},"5":{"name":"(anonymous_5)","decl":{"start":{"line":58,"column":2},"end":{"line":58,"column":3}},"loc":{"start":{"line":58,"column":41},"end":{"line":63,"column":3}},"line":58},"6":{"name":"(anonymous_6)","decl":{"start":{"line":65,"column":2},"end":{"line":65,"column":3}},"loc":{"start":{"line":65,"column":31},"end":{"line":68,"column":3}},"line":65},"7":{"name":"(anonymous_7)","decl":{"start":{"line":70,"column":2},"end":{"line":70,"column":3}},"loc":{"start":{"line":70,"column":27},"end":{"line":73,"column":3}},"line":70},"8":{"name":"(anonymous_8)","decl":{"start":{"line":75,"column":2},"end":{"line":75,"column":3}},"loc":{"start":{"line":75,"column":31},"end":{"line":77,"column":3}},"line":75},"9":{"name":"(anonymous_9)","decl":{"start":{"line":79,"column":2},"end":{"line":79,"column":3}},"loc":{"start":{"line":79,"column":30},"end":{"line":81,"column":3}},"line":79}},"branchMap":{"0":{"loc":{"start":{"line":9,"column":14},"end":{"line":9,"column":45}},"type":"default-arg","locations":[{"start":{"line":9,"column":41},"end":{"line":9,"column":45}}],"line":9},"1":{"loc":{"start":{"line":9,"column":47},"end":{"line":9,"column":81}},"type":"default-arg","locations":[{"start":{"line":9,"column":77},"end":{"line":9,"column":81}}],"line":9},"2":{"loc":{"start":{"line":26,"column":4},"end":{"line":28,"column":5}},"type":"if","locations":[{"start":{"line":26,"column":4},"end":{"line":28,"column":5}},{"start":{},"end":{}}],"line":26},"3":{"loc":{"start":{"line":26,"column":8},"end":{"line":26,"column":95}},"type":"binary-expr","locations":[{"start":{"line":26,"column":8},"end":{"line":26,"column":19}},{"start":{"line":26,"column":23},"end":{"line":26,"column":43}},{"start":{"line":26,"column":47},"end":{"line":26,"column":95}}],"line":26},"4":{"loc":{"start":{"line":31,"column":4},"end":{"line":33,"column":5}},"type":"if","locations":[{"start":{"line":31,"column":4},"end":{"line":33,"column":5}},{"start":{},"end":{}}],"line":31},"5":{"loc":{"start":{"line":31,"column":8},"end":{"line":31,"column":57}},"type":"binary-expr","locations":[{"start":{"line":31,"column":8},"end":{"line":31,"column":35}},{"start":{"line":31,"column":39},"end":{"line":31,"column":57}}],"line":31},"6":{"loc":{"start":{"line":39,"column":4},"end":{"line":41,"column":5}},"type":"if","locations":[{"start":{"line":39,"column":4},"end":{"line":41,"column":5}},{"start":{},"end":{}}],"line":39},"7":{"loc":{"start":{"line":39,"column":8},"end":{"line":39,"column":76}},"type":"binary-expr","locations":[{"start":{"line":39,"column":8},"end":{"line":39,"column":35}},{"start":{"line":39,"column":39},"end":{"line":39,"column":76}}],"line":39},"8":{"loc":{"start":{"line":59,"column":4},"end":{"line":61,"column":5}},"type":"if","locations":[{"start":{"line":59,"column":4},"end":{"line":61,"column":5}},{"start":{},"end":{}}],"line":59},"9":{"loc":{"start":{"line":59,"column":8},"end":{"line":59,"column":34}},"type":"binary-expr","locations":[{"start":{"line":59,"column":8},"end":{"line":59,"column":12}},{"start":{"line":59,"column":16},"end":{"line":59,"column":34}}],"line":59}},"s":{"0":17,"1":17,"2":17,"3":17,"4":6,"5":0,"6":27,"7":9,"8":18,"9":18,"10":1,"11":17,"12":17,"13":17,"14":3,"15":14,"16":14,"17":14,"18":1,"19":1,"20":36,"21":43,"22":41,"23":43,"24":3,"25":3,"26":2,"27":2,"28":39,"29":2},"f":{"0":17,"1":6,"2":0,"3":27,"4":1,"5":43,"6":3,"7":2,"8":39,"9":2},"b":{"0":[0],"1":[0],"2":[9,18],"3":[27,27,26],"4":[1,17],"5":[18,18],"6":[3,14],"7":[17,3],"8":[41,2],"9":[43,42]},"_coverageSchema":"1a1c01bbd47fc00a2c39e90264f33305004495a9","hash":"d64db33a82aa5e7a344ab68f190412bf357705d2"}
}
