TN:
SF:src/services/api.ts
FN:3,(anonymous_0)
FN:6,(anonymous_1)
FN:19,(anonymous_2)
FN:25,(anonymous_3)
FN:43,(anonymous_4)
FN:49,(anonymous_5)
FN:73,generateFallbackClientPrediction
FN:84,(anonymous_7)
FNF:8
FNH:3
FNDA:0,(anonymous_0)
FNDA:0,(anonymous_1)
FNDA:28,(anonymous_2)
FNDA:0,(anonymous_3)
FNDA:0,(anonymous_4)
FNDA:0,(anonymous_5)
FNDA:28,generateFallbackClientPrediction
FNDA:1134,(anonymous_7)
DA:3,1
DA:4,0
DA:5,0
DA:6,0
DA:7,0
DA:8,0
DA:9,0
DA:10,0
DA:11,0
DA:13,0
DA:15,0
DA:19,1
DA:23,28
DA:24,28
DA:25,28
DA:26,28
DA:32,0
DA:33,0
DA:34,0
DA:36,0
DA:39,28
DA:43,1
DA:47,0
DA:48,0
DA:49,0
DA:50,0
DA:56,0
DA:57,0
DA:58,0
DA:60,0
DA:62,0
DA:66,1
DA:74,28
DA:75,1
DA:84,1134
DA:85,27
DA:86,27
DA:87,27
DA:89,27
LF:39
LH:16
BRDA:9,0,0,0
BRDA:9,0,1,0
BRDA:33,1,0,0
BRDA:33,1,1,0
BRDA:57,2,0,0
BRDA:57,2,1,0
BRDA:62,3,0,0
BRDA:62,3,1,0
BRDA:74,4,0,1
BRDA:74,4,1,27
BRDA:74,5,0,28
BRDA:74,5,1,28
BRF:12
BRH:4
end_of_record
TN:
SF:src/services/landmark.ts
FN:23,generateHandLandmarkPoints
FN:47,landmarksToFlatArray
FN:49,(anonymous_2)
FNF:3
FNH:3
FNDA:9,generateHandLandmarkPoints
FNDA:1,landmarksToFlatArray
FNDA:21,(anonymous_2)
DA:4,1
DA:24,9
DA:25,9
DA:27,9
DA:41,9
DA:48,1
DA:49,1
DA:50,21
DA:52,1
LF:9
LH:9
BRDA:23,0,0,0
BRF:1
BRH:0
end_of_record
TN:
SF:src/services/storage.ts
FN:22,(anonymous_0)
FN:32,(anonymous_1)
FN:43,(anonymous_2)
FN:45,(anonymous_3)
FN:50,(anonymous_4)
FN:55,(anonymous_5)
FN:65,(anonymous_6)
FN:76,(anonymous_7)
FN:80,(anonymous_8)
FN:97,(anonymous_9)
FN:99,(anonymous_10)
FN:101,(anonymous_11)
FN:108,(anonymous_12)
FN:109,(anonymous_13)
FN:113,(anonymous_14)
FN:115,(anonymous_15)
FN:116,(anonymous_16)
FN:137,(anonymous_17)
FN:146,(anonymous_18)
FN:153,(anonymous_19)
FNF:20
FNH:9
FNDA:0,(anonymous_0)
FNDA:0,(anonymous_1)
FNDA:0,(anonymous_2)
FNDA:0,(anonymous_3)
FNDA:0,(anonymous_4)
FNDA:0,(anonymous_5)
FNDA:0,(anonymous_6)
FNDA:0,(anonymous_7)
FNDA:8,(anonymous_8)
FNDA:23,(anonymous_9)
FNDA:23,(anonymous_10)
FNDA:23,(anonymous_11)
FNDA:21,(anonymous_12)
FNDA:69,(anonymous_13)
FNDA:23,(anonymous_14)
FNDA:23,(anonymous_15)
FNDA:23,(anonymous_16)
FNDA:0,(anonymous_17)
FNDA:0,(anonymous_18)
FNDA:0,(anonymous_19)
DA:4,2
DA:10,2
DA:22,2
DA:23,0
DA:24,0
DA:25,0
DA:27,0
DA:28,0
DA:32,2
DA:33,0
DA:34,0
DA:38,0
DA:39,0
DA:40,0
DA:43,2
DA:44,0
DA:45,0
DA:46,0
DA:47,0
DA:50,2
DA:51,0
DA:55,2
DA:56,0
DA:57,0
DA:58,0
DA:60,0
DA:61,0
DA:65,2
DA:66,0
DA:67,0
DA:71,0
DA:72,0
DA:73,0
DA:76,2
DA:77,0
DA:80,2
DA:81,8
DA:82,1
DA:96,7
DA:97,23
DA:98,7
DA:99,23
DA:100,7
DA:101,23
DA:102,7
DA:103,7
DA:105,7
DA:106,7
DA:108,7
DA:109,69
DA:110,21
DA:111,13
DA:113,23
DA:114,8
DA:115,23
DA:116,23
DA:117,8
DA:126,7
DA:137,2
DA:138,0
DA:139,0
DA:140,0
DA:142,0
DA:146,2
DA:147,0
DA:148,0
DA:149,0
DA:150,0
DA:153,2
DA:154,0
DA:155,0
LF:71
LH:35
BRDA:25,0,0,0
BRDA:25,0,1,0
BRDA:58,1,0,0
BRDA:58,1,1,0
BRDA:81,2,0,1
BRDA:81,2,1,7
BRDA:110,3,0,13
BRDA:110,3,1,8
BRDA:140,4,0,0
BRDA:140,4,1,0
BRF:10
BRH:4
end_of_record
TN:
SF:src/services/temporal.ts
FN:9,(anonymous_0)
FN:14,(anonymous_1)
FN:18,(anonymous_2)
FN:25,(anonymous_3)
FN:49,(anonymous_4)
FN:58,(anonymous_5)
FN:65,(anonymous_6)
FN:70,(anonymous_7)
FN:75,(anonymous_8)
FN:79,(anonymous_9)
FNF:10
FNH:9
FNDA:17,(anonymous_0)
FNDA:6,(anonymous_1)
FNDA:0,(anonymous_2)
FNDA:27,(anonymous_3)
FNDA:1,(anonymous_4)
FNDA:43,(anonymous_5)
FNDA:3,(anonymous_6)
FNDA:2,(anonymous_7)
FNDA:39,(anonymous_8)
FNDA:2,(anonymous_9)
DA:4,17
DA:5,17
DA:10,17
DA:11,17
DA:15,6
DA:19,0
DA:26,27
DA:27,9
DA:30,18
DA:31,18
DA:32,1
DA:35,17
DA:36,17
DA:39,17
DA:40,3
DA:44,14
DA:45,14
DA:46,14
DA:50,1
DA:51,1
DA:56,36
DA:59,43
DA:60,41
DA:62,43
DA:66,3
DA:67,3
DA:71,2
DA:72,2
DA:76,39
DA:80,2
LF:30
LH:29
BRDA:9,0,0,0
BRDA:9,1,0,0
BRDA:26,2,0,9
BRDA:26,2,1,18
BRDA:26,3,0,27
BRDA:26,3,1,27
BRDA:26,3,2,26
BRDA:31,4,0,1
BRDA:31,4,1,17
BRDA:31,5,0,18
BRDA:31,5,1,18
BRDA:39,6,0,3
BRDA:39,6,1,14
BRDA:39,7,0,17
BRDA:39,7,1,3
BRDA:59,8,0,41
BRDA:59,8,1,2
BRDA:59,9,0,43
BRDA:59,9,1,42
BRF:19
BRH:17
end_of_record
